{"timestamp":"2026-05-18T15:00:01.965084Z","level":"info","event":"DAG bundles loaded: dags-folder, example_dags","logger":"airflow.dag_processing.bundles.manager.DagBundlesManager","filename":"manager.py","lineno":179}
{"timestamp":"2026-05-18T15:00:01.966367Z","level":"info","event":"Filling up the DagBag from /opt/airflow/dags/weather_dag.py","logger":"airflow.models.dagbag.BundleDagBag","filename":"dagbag.py","lineno":593}
{"timestamp":"2026-05-18T15:00:01.997918Z","level":"info","event":"-> Conectando em host.docker.internal:5432/df_teste","logger":"root","filename":"load_data.py","lineno":21}
{"timestamp":"2026-05-18T15:00:02.012092Z","level":"warning","event":"The `airflow.decorators.dag` attribute is deprecated. Please use `'airflow.sdk.dag'`.","category":"DeprecatedImportWarning","filename":"/opt/airflow/dags/weather_dag.py","lineno":2,"logger":"py.warnings"}
{"timestamp":"2026-05-18T15:00:02.012212Z","level":"warning","event":"The `airflow.decorators.task` attribute is deprecated. Please use `'airflow.sdk.task'`.","category":"DeprecatedImportWarning","filename":"/opt/airflow/dags/weather_dag.py","lineno":2,"logger":"py.warnings"}
{"timestamp":"2026-05-18T15:00:02.035568Z","level":"info","event":"Task instance is in running state","logger":"task.stdout"}
{"timestamp":"2026-05-18T15:00:02.035857Z","level":"info","event":" Previous state of the Task instance: TaskInstanceState.QUEUED","logger":"task.stdout"}
{"timestamp":"2026-05-18T15:00:02.036064Z","level":"info","event":"Current task name:transform","logger":"task.stdout"}
{"timestamp":"2026-05-18T15:00:02.036290Z","level":"info","event":"Dag name:projeto_1_weather_pipeline","logger":"task.stdout"}
{"timestamp":"2026-05-18T15:00:02.036859Z","level":"info","event":"","logger":"task.stdout"}
{"timestamp":"2026-05-18T15:00:02.037078Z","level":"info","event":" Iniciando transformações","logger":"task.stdout"}
{"timestamp":"2026-05-18T15:00:02.036893Z","level":"info","event":"-> Criando DataFrame do arquivo JSON...","logger":"root","filename":"transform_data.py","lineno":44}
{"timestamp":"2026-05-18T15:00:02.040511Z","level":"info","event":"DataFrame criado com 1 linha(s)","logger":"root","filename":"transform_data.py","lineno":55}
{"timestamp":"2026-05-18T15:00:02.042722Z","level":"info","event":"-> Colunas de weather normalizadas - 30 colunas","logger":"root","filename":"transform_data.py","lineno":70}
{"timestamp":"2026-05-18T15:00:02.042848Z","level":"info","event":"-> Dropando colunas: ['weather', 'weather_icon', 'sys.type']","logger":"root","filename":"transform_data.py","lineno":75}
{"timestamp":"2026-05-18T15:00:02.043576Z","level":"info","event":"-> Colunas dropadas - 27 colunas restantes","logger":"root","filename":"transform_data.py","lineno":77}
{"timestamp":"2026-05-18T15:00:02.043697Z","level":"info","event":"-> Renomeando colunas: {'base': 'base', 'visibility': 'visibility', 'dt': 'datetime', 'timezone': 'timezone', 'id': 'city_id', 'name': 'city_name', 'cod': 'code', 'coord.lon': 'longitude', 'coord.lat': 'latitude', 'main.temp': 'temperature', 'main.feels_like': 'feels_like', 'main.temp_min': 'temp_min', 'main.temp_max': 'temp_max', 'main.pressure': 'pressure', 'main.humidity': 'humidity', 'main.sea_level': 'sea_level', 'main.grnd_level': 'grnd_level', 'wind.speed': 'wind_speed', 'wind.deg': 'wind_degree', 'wind.gust': 'wind_gust', 'clouds.all': 'clouds', 'sys.type': 'sys_type', 'sys.id': 'sys_id', 'sys.country': 'country', 'sys.sunrise': 'sunrise', 'sys.sunset': 'sunset'}","logger":"root","filename":"transform_data.py","lineno":82}
{"timestamp":"2026-05-18T15:00:02.044139Z","level":"info","event":"colunas renomeadas","logger":"root","filename":"transform_data.py","lineno":84}
{"timestamp":"2026-05-18T15:00:02.044257Z","level":"info","event":"-> Normalizando colunas de datetime: ['datetime', 'sunrise', 'sunset']","logger":"root","filename":"transform_data.py","lineno":89}
{"timestamp":"2026-05-18T15:00:02.047128Z","level":"info","event":"colunas de datetime normalizadas","logger":"root","filename":"transform_data.py","lineno":93}
{"timestamp":"2026-05-18T15:00:02.047244Z","level":"info","event":"transformações concluídas","logger":"root","filename":"transform_data.py","lineno":103}
{"timestamp":"2026-05-18T15:00:02.082510Z","level":"info","event":"Done. Returned value was: None","logger":"airflow.task.operators.airflow.providers.standard.decorators.python._PythonDecoratedOperator","filename":"python.py","lineno":230}
{"timestamp":"2026-05-18T15:00:02.099250Z","level":"info","event":"Task instance in success state","logger":"task.stdout"}
{"timestamp":"2026-05-18T15:00:02.099549Z","level":"info","event":" Previous state of the Task instance: TaskInstanceState.RUNNING","logger":"task.stdout"}
{"timestamp":"2026-05-18T15:00:02.099839Z","level":"info","event":"Task operator:<Task(_PythonDecoratedOperator): transform>","logger":"task.stdout"}
