{"timestamp":"2026-05-18T14:52:13.563500Z","level":"info","event":"DAG bundles loaded: dags-folder, example_dags","logger":"airflow.dag_processing.bundles.manager.DagBundlesManager","filename":"manager.py","lineno":179}
{"timestamp":"2026-05-18T14:52:13.564853Z","level":"info","event":"Filling up the DagBag from /opt/airflow/dags/weather_dag.py","logger":"airflow.models.dagbag.BundleDagBag","filename":"dagbag.py","lineno":593}
{"timestamp":"2026-05-18T14:52:13.594874Z","level":"info","event":"-> Conectando em localhost:5432/df_teste","logger":"root","filename":"load_data.py","lineno":21}
{"timestamp":"2026-05-18T14:52:13.609081Z","level":"warning","event":"The `airflow.decorators.dag` attribute is deprecated. Please use `'airflow.sdk.dag'`.","category":"DeprecatedImportWarning","filename":"/opt/airflow/dags/weather_dag.py","lineno":2,"logger":"py.warnings"}
{"timestamp":"2026-05-18T14:52:13.609217Z","level":"warning","event":"The `airflow.decorators.task` attribute is deprecated. Please use `'airflow.sdk.task'`.","category":"DeprecatedImportWarning","filename":"/opt/airflow/dags/weather_dag.py","lineno":2,"logger":"py.warnings"}
{"timestamp":"2026-05-18T14:52:13.637456Z","level":"info","event":"Task instance is in running state","logger":"task.stdout"}
{"timestamp":"2026-05-18T14:52:13.637734Z","level":"info","event":" Previous state of the Task instance: TaskInstanceState.QUEUED","logger":"task.stdout"}
{"timestamp":"2026-05-18T14:52:13.637986Z","level":"info","event":"Current task name:transform","logger":"task.stdout"}
{"timestamp":"2026-05-18T14:52:13.638226Z","level":"info","event":"Dag name:projeto_1_weather_pipeline","logger":"task.stdout"}
{"timestamp":"2026-05-18T14:52:13.638778Z","level":"info","event":"","logger":"task.stdout"}
{"timestamp":"2026-05-18T14:52:13.639020Z","level":"info","event":" Iniciando transformações","logger":"task.stdout"}
{"timestamp":"2026-05-18T14:52:13.638811Z","level":"info","event":"-> Criando DataFrame do arquivo JSON...","logger":"root","filename":"transform_data.py","lineno":44}
{"timestamp":"2026-05-18T14:52:13.645732Z","level":"info","event":"DataFrame criado com 1 linha(s)","logger":"root","filename":"transform_data.py","lineno":55}
{"timestamp":"2026-05-18T14:52:13.655973Z","level":"info","event":"-> Colunas de weather normalizadas - 30 colunas","logger":"root","filename":"transform_data.py","lineno":70}
{"timestamp":"2026-05-18T14:52:13.656138Z","level":"info","event":"-> Dropando colunas: ['weather', 'weather_icon', 'sys.type']","logger":"root","filename":"transform_data.py","lineno":75}
{"timestamp":"2026-05-18T14:52:13.659163Z","level":"info","event":"-> Colunas dropadas - 27 colunas restantes","logger":"root","filename":"transform_data.py","lineno":77}
{"timestamp":"2026-05-18T14:52:13.659290Z","level":"info","event":"-> Renomeando colunas: {'base': 'base', 'visibility': 'visibility', 'dt': 'datetime', 'timezone': 'timezone', 'id': 'city_id', 'name': 'city_name', 'cod': 'code', 'coord.lon': 'longitude', 'coord.lat': 'latitude', 'main.temp': 'temperature', 'main.feels_like': 'feels_like', 'main.temp_min': 'temp_min', 'main.temp_max': 'temp_max', 'main.pressure': 'pressure', 'main.humidity': 'humidity', 'main.sea_level': 'sea_level', 'main.grnd_level': 'grnd_level', 'wind.speed': 'wind_speed', 'wind.deg': 'wind_degree', 'wind.gust': 'wind_gust', 'clouds.all': 'clouds', 'sys.type': 'sys_type', 'sys.id': 'sys_id', 'sys.country': 'country', 'sys.sunrise': 'sunrise', 'sys.sunset': 'sunset'}","logger":"root","filename":"transform_data.py","lineno":82}
{"timestamp":"2026-05-18T14:52:13.659669Z","level":"info","event":"colunas renomeadas","logger":"root","filename":"transform_data.py","lineno":84}
{"timestamp":"2026-05-18T14:52:13.659775Z","level":"info","event":"-> Normalizando colunas de datetime: ['datetime', 'sunrise', 'sunset']","logger":"root","filename":"transform_data.py","lineno":89}
{"timestamp":"2026-05-18T14:52:13.663483Z","level":"info","event":"colunas de datetime normalizadas","logger":"root","filename":"transform_data.py","lineno":93}
{"timestamp":"2026-05-18T14:52:13.663595Z","level":"info","event":"transformações concluídas","logger":"root","filename":"transform_data.py","lineno":103}
{"timestamp":"2026-05-18T14:52:13.714416Z","level":"error","event":"Task failed with exception","logger":"task","filename":"task_runner.py","lineno":1142,"error_detail":[{"exc_type":"OSError","exc_value":"Cannot save file into a non-existent directory: '/opt/airflow/dags/data'","exc_notes":[],"syntax_error":null,"is_cause":false,"frames":[{"filename":"/home/airflow/.local/lib/python3.12/site-packages/airflow/sdk/execution_time/task_runner.py","lineno":1068,"name":"run"},{"filename":"/home/airflow/.local/lib/python3.12/site-packages/airflow/sdk/execution_time/task_runner.py","lineno":1477,"name":"_execute_task"},{"filename":"/home/airflow/.local/lib/python3.12/site-packages/airflow/sdk/bases/operator.py","lineno":417,"name":"wrapper"},{"filename":"/home/airflow/.local/lib/python3.12/site-packages/airflow/sdk/bases/decorator.py","lineno":252,"name":"execute"},{"filename":"/home/airflow/.local/lib/python3.12/site-packages/airflow/sdk/bases/operator.py","lineno":417,"name":"wrapper"},{"filename":"/home/airflow/.local/lib/python3.12/site-packages/airflow/providers/standard/operators/python.py","lineno":228,"name":"execute"},{"filename":"/home/airflow/.local/lib/python3.12/site-packages/airflow/providers/standard/operators/python.py","lineno":251,"name":"execute_callable"},{"filename":"/home/airflow/.local/lib/python3.12/site-packages/airflow/sdk/execution_time/callback_runner.py","lineno":82,"name":"run"},{"filename":"/opt/airflow/dags/weather_dag.py","lineno":46,"name":"transform"},{"filename":"/home/airflow/.local/lib/python3.12/site-packages/pandas/util/_decorators.py","lineno":333,"name":"wrapper"},{"filename":"/home/airflow/.local/lib/python3.12/site-packages/pandas/core/frame.py","lineno":3124,"name":"to_parquet"},{"filename":"/home/airflow/.local/lib/python3.12/site-packages/pandas/io/parquet.py","lineno":482,"name":"to_parquet"},{"filename":"/home/airflow/.local/lib/python3.12/site-packages/pandas/io/parquet.py","lineno":199,"name":"write"},{"filename":"/home/airflow/.local/lib/python3.12/site-packages/pandas/io/parquet.py","lineno":141,"name":"_get_path_or_handle"},{"filename":"/home/airflow/.local/lib/python3.12/site-packages/pandas/io/common.py","lineno":749,"name":"get_handle"},{"filename":"/home/airflow/.local/lib/python3.12/site-packages/pandas/io/common.py","lineno":616,"name":"check_parent_directory"}],"is_group":false,"exceptions":[]}]}
{"timestamp":"2026-05-18T14:52:13.742807Z","level":"info","event":"Task instance in failure state","logger":"task.stdout"}
{"timestamp":"2026-05-18T14:52:13.743120Z","level":"info","event":"Task start","logger":"task.stdout"}
{"timestamp":"2026-05-18T14:52:13.743346Z","level":"info","event":"Task:<Task(_PythonDecoratedOperator): transform>","logger":"task.stdout"}
{"timestamp":"2026-05-18T14:52:13.743560Z","level":"info","event":"Failure caused by Cannot save file into a non-existent directory: '/opt/airflow/dags/data'","logger":"task.stdout"}
